mysql> SHOW MASTER STATUS \G
*************************** 1. row ***************************
             File: mysql-bin.000002
         Position: 119568
     Binlog_Do_DB: 
 Binlog_Ignore_DB: 
Executed_Gtid_Set: 2ce082c0-95e7-11e9-a0ef-52540075dc3d:1-39
1 row in set (0.00 sec)

mysql> 
mysql> USE bet;
Reading table information for completion of table and column names
You can turn off this feature to get a quicker startup with -A

Database changed

mysql> SHOW TABLES;
+------------------+
| Tables_in_bet    |
+------------------+
| bookmaker        |
| competition      |
| events_on_demand |
| market           |
| odds             |
| outcome          |
| v_same_event     |
+------------------+
7 rows in set (0.00 sec)

mysql>  INSERT INTO bookmaker (id,bookmaker_name) VALUES(1,'1xbet');
Query OK, 1 row affected (0.01 sec)

mysql> SELECT * FROM bookmaker;
+----+----------------+
| id | bookmaker_name |
+----+----------------+
|  1 | 1xbet          |
|  4 | betway         |
|  5 | bwin           |
|  6 | ladbrokes      |
|  3 | unibet         |
+----+----------------+
5 rows in set (0.00 sec)

mysql> 

