PID	TTY	STAT	TIME	COMMAND
1	?	S	00:19	/sbin/initsplash
2	?	S	00:00	(kthreadd)
4	?	I	00:00	(kworker/0:0H)
6	?	I	00:00	(mm_percpu_wq)
7	?	S	00:02	(ksoftirqd/0)
8	?	I	01:41	(rcu_sched)
9	?	I	00:00	(rcu_bh)
10	?	S	00:00	(migration/0)
11	?	S	00:00	(watchdog/0)
12	?	S	00:00	(cpuhp/0)
13	?	S	00:00	(cpuhp/1)
14	?	S	00:00	(watchdog/1)
15	?	S	00:00	(migration/1)
16	?	S	00:00	(ksoftirqd/1)
18	?	I	00:00	(kworker/1:0H)
19	?	S	00:00	(cpuhp/2)
20	?	S	00:00	(watchdog/2)
21	?	S	00:00	(migration/2)
22	?	S	00:00	(ksoftirqd/2)
24	?	I	00:00	(kworker/2:0H)
25	?	S	00:00	(cpuhp/3)
26	?	S	00:00	(watchdog/3)
27	?	S	00:00	(migration/3)
28	?	S	00:00	(ksoftirqd/3)
30	?	I	00:00	(kworker/3:0H)
31	?	S	00:00	(kdevtmpfs)
32	?	I	00:00	(netns)
33	?	S	00:00	(rcu_tasks_kthre)
34	?	S	00:00	(kauditd)
37	?	S	00:00	(khungtaskd)
38	?	S	00:00	(oom_reaper)
39	?	I	00:00	(writeback)
40	?	S	00:00	(kcompactd0)
41	?	S	00:00	(ksmd)
42	?	S	00:00	(khugepaged)
43	?	I	00:00	(crypto)
44	?	I	00:00	(kintegrityd)
45	?	I	00:00	(kblockd)
46	?	I	00:00	(ata_sff)
47	?	I	00:00	(md)
48	?	I	00:00	(edac-poller)
49	?	I	00:00	(devfreq_wq)
50	?	I	00:00	(watchdogd)
55	?	S	00:16	(kswapd0)
56	?	I	00:00	(kworker/u17:0)
57	?	S	00:00	(ecryptfs-kthrea)
99	?	I	00:00	(kthrotld)
100	?	I	00:00	(acpi_thermal_pm)
104	?	I	00:00	(ipv6_addrconf)
114	?	I	00:00	(kstrp)
131	?	I	00:00	(charger_manager)
187	?	S	00:00	(scsi_eh_0)
188	?	I	00:00	(scsi_tmf_0)
189	?	S	00:00	(scsi_eh_1)
190	?	I	00:00	(scsi_tmf_1)
191	?	S	00:00	(scsi_eh_2)
193	?	I	00:00	(scsi_tmf_2)
195	?	S	00:00	(scsi_eh_3)
196	?	I	00:00	(scsi_tmf_3)
197	?	S	00:00	(scsi_eh_4)
198	?	I	00:00	(scsi_tmf_4)
199	?	S	00:00	(scsi_eh_5)
200	?	I	00:00	(scsi_tmf_5)
210	?	I	00:03	(kworker/0:1H)
214	?	I	00:00	(kworker/2:1H)
236	?	S	00:06	(jbd2/sda1-8)
237	?	I	00:00	(ext4-rsv-conver)
283	?	S	03:36	/lib/systemd/systemd-journald
302	?	I	00:00	(kworker/1:1H)
304	?	I	00:00	(kworker/3:1H)
310	?	S	00:02	/lib/systemd/systemd-udevd
354	?	S	00:00	(irq/27-mei_me)
388	?	I	00:00	(cfg80211)
434	?	S	03:06	(irq/29-iwlwifi)
450	?	S	00:10	(i915/signal:0)
452	?	S	00:00	(i915/signal:1)
454	?	S	00:00	(i915/signal:2)
502	?	I	00:00	(led_workqueue)
723	?	S	00:00	(loop0)
738	?	S	00:00	(loop1)
750	?	S	00:00	(loop2)
751	?	S	00:00	(loop3)
753	?	S	00:00	(loop4)
756	?	S	00:00	(loop6)
760	?	S	00:00	(loop8)
776	?	S	00:00	(loop11)
780	?	S	00:00	(loop12)
789	?	S	00:00	(loop13)
791	?	S	00:00	(loop14)
792	?	S	00:00	(loop15)
793	?	S	00:00	(loop16)
796	?	S	00:00	(loop18)
797	?	S	00:00	(loop19)
798	?	S	00:00	(loop20)
799	?	S	00:00	(loop21)
800	?	S	00:00	(loop22)
801	?	S	00:00	(loop23)
802	?	S	00:00	(loop24)
803	?	S	00:00	(loop25)
804	?	S	00:00	(loop26)
805	?	S	00:00	(loop27)
806	?	S	00:00	(loop28)
807	?	S	00:00	(loop29)
809	?	S	00:00	(loop31)
810	?	S	00:00	(loop32)
811	?	S	00:00	(loop33)
812	?	S	00:00	(loop34)
813	?	S	00:00	(loop35)
814	?	S	00:00	(loop36)
815	?	S	00:00	(loop37)
816	?	S	00:00	(loop38)
817	?	S	00:00	(loop39)
825	?	S	00:00	(loop40)
827	?	S	00:00	(loop41)
828	?	S	00:00	(loop42)
830	?	S	00:00	(loop43)
831	?	S	00:00	(loop44)
833	?	S	00:04	/lib/systemd/systemd-resolved
834	?	S	00:00	(loop45)
835	?	S	00:00	/lib/systemd/systemd-timesyncd
944	?	S	00:08	/usr/sbin/irqbalance--foreground
945	?	S	00:00	/usr/bin/python3/usr/bin/networkd-dispatcher--run-startup-triggers
947	?	S	00:07	/usr/lib/udisks2/udisksd
956	?	S	00:00	/usr/sbin/ModemManager
960	?	S	00:00	/lib/systemd/systemd-logind
961	?	S	00:00	/usr/lib/bluetooth/bluetoothd
986	?	S	00:00	/usr/sbin/cron-f
988	?	S	00:58	/usr/sbin/rsyslogd-n
991	?	S	00:03	avahi-daemon:
running	[530U3C.local]			
993	?	S	00:25	/usr/bin/dbus-daemon--system--address=systemd:--nofork--nopidfile--systemd-activation--syslog-only
1003	?	S	00:00	avahi-daemon:
chroot	helper			
1004	?	S	00:26	/usr/sbin/NetworkManager--no-daemon
1007	?	S	00:07	/usr/sbin/thermald--no-daemon--dbus-enable
1010	?	S	00:00	/usr/sbin/acpid
1011	?	S	00:01	/sbin/wpa_supplicant-u-s-O/run/wpa_supplicant
1013	?	S	00:33	/usr/lib/accountsservice/accounts-daemon
1032	?	S	00:01	/usr/lib/policykit-1/polkitd--no-debug
1055	?	I	00:00	(iprt-VBoxWQueue)
1062	?	S	00:00	(iprt-VBoxTscThr)
1150	?	S	00:00	/usr/bin/python3/usr/share/unattended-upgrades/unattended-upgrade-shutdown--wait-for-signal
1163	?	S	00:00	/usr/sbin/sshd-D
1169	?	S	00:00	/usr/sbin/gdm3
1185	?	S	00:00	gdm-session-worker
[pam/gdm-launch-environment]				
1199	?	S	02:34	/usr/bin/tor--defaults-torrc/usr/share/tor/tor-service-defaults-torrc-f/etc/tor/torrc--RunAsDaemon0
1200	?	S	00:00	/lib/systemd/systemd--user
1201	?	S	00:00	(sd-pam)
1212	?	S	00:00	/usr/lib/gdm3/gdm-wayland-sessiongnome-session
--autostart	/usr/share/gdm/greeter/autostart			
1214	?	S	00:00	/usr/bin/dbus-daemon--session--address=systemd:--nofork--nopidfile--systemd-activation--syslog-only
1216	?	S	00:00	/usr/lib/gnome-session/gnome-session-binary--autostart/usr/share/gdm/greeter/autostart
1225	?	S	02:31	/usr/bin/gnome-shell
1233	?	S	00:03	/usr/lib/upower/upowerd
1266	null	S	00:00	/usr/lib/gvfs/gvfsd-network--spawner:1.22/org/gtk/gvfs/exec_spaw/3
1303	null	S	00:00	/usr/lib/gvfs/gvfsd-dnssd--spawner:1.22/org/gtk/gvfs/exec_spaw/8
1333	?	S	00:00	/usr/bin/Xwayland:1024-rootless-terminate-accessx-core-listen4-listen5-displayfd6
1370	null	S	00:01	gedit/home/dm/Документы/otus/otus/HomeWork05
(Управление	процессами)/README.md			
1389	?	S	00:00	/usr/lib/at-spi2-core/at-spi-bus-launcher
1394	?	S	00:00	/usr/bin/dbus-daemon--config-file=/usr/share/defaults/at-spi2/accessibility.conf--nofork--print-address3
1396	?	S	00:00	/usr/lib/at-spi2-core/at-spi2-registryd--use-gnome-session
1412	?	S	00:00	/usr/bin/pulseaudio--daemonize=no
1424	?	S	00:01	/usr/lib/rtkit/rtkit-daemon
1485	?	S	00:00	ibus-daemon--xim--paneldisable
1488	?	S	00:00	/usr/lib/ibus/ibus-dconf
1491	?	S	00:00	/usr/lib/ibus/ibus-x11--kill-daemon
1496	?	S	00:00	/usr/lib/ibus/ibus-portal
1500	?	D	00:00	(kworker/u16:2)
1516	?	S	00:00	/usr/lib/x86_64-linux-gnu/boltd
1520	?	S	00:51	/usr/lib/packagekit/packagekitd
1530	?	S	00:00	/usr/lib/gnome-settings-daemon/gsd-xsettings
1535	?	S	00:00	/usr/lib/gnome-settings-daemon/gsd-a11y-settings
1538	?	S	00:00	/usr/lib/gnome-settings-daemon/gsd-clipboard
1541	?	S	00:28	/usr/lib/gnome-settings-daemon/gsd-color
1542	?	S	00:00	/usr/lib/gnome-settings-daemon/gsd-datetime
1543	?	S	00:00	/usr/lib/gnome-settings-daemon/gsd-housekeeping
1549	?	S	00:00	/usr/lib/gnome-settings-daemon/gsd-keyboard
1554	?	S	00:00	/usr/lib/gnome-settings-daemon/gsd-media-keys
1555	?	S	00:00	/usr/lib/gnome-settings-daemon/gsd-mouse
1556	?	S	00:01	/usr/lib/gnome-settings-daemon/gsd-power
1558	?	S	00:00	/usr/lib/gnome-settings-daemon/gsd-print-notifications
1562	?	S	00:00	/usr/lib/gnome-settings-daemon/gsd-rfkill
1563	?	S	00:00	/usr/lib/gnome-settings-daemon/gsd-screensaver-proxy
1564	?	S	00:00	/usr/lib/gnome-settings-daemon/gsd-sharing
1576	?	S	00:00	/usr/lib/gnome-settings-daemon/gsd-smartcard
1578	?	S	00:00	/usr/lib/gnome-settings-daemon/gsd-sound
1580	?	S	00:00	/usr/lib/gnome-settings-daemon/gsd-wacom
1592	?	S	00:00	/usr/lib/dconf/dconf-service
1597	?	S	00:00	/usr/lib/ibus/ibus-engine-simple
1640	?	I	00:00	(kworker/0:1)
1641	?	I	00:00	(kworker/1:1)
1644	?	S	00:00	/usr/lib/colord/colord
1670	pts	S	00:00	/bin/bash./ps.sh
