Jan 29 19:32:22 Updated: systemd-libs-219-62.el7_6.2.x86_64
Jan 29 19:32:25 Updated: systemd-219-62.el7_6.2.x86_64
Jan 29 19:32:25 Updated: systemd-sysv-219-62.el7_6.2.x86_64
Jan 29 19:32:27 Updated: tzdata-2018i-1.el7.noarch
Jan 29 19:33:14 Installed: wget-1.14-18.el7.x86_64
Jan 29 19:37:57 Installed: mpfr-3.1.1-4.el7.x86_64
Jan 29 19:37:57 Installed: libmpc-1.0.1-3.el7.x86_64
Jan 29 19:37:58 Installed: cpp-4.8.5-36.el7.x86_64
Jan 29 19:37:59 Installed: kernel-headers-3.10.0-957.1.3.el7.x86_64
Jan 29 19:38:00 Installed: glibc-headers-2.17-260.el7.x86_64
Jan 29 19:38:00 Installed: glibc-devel-2.17-260.el7.x86_64
Jan 29 19:38:02 Installed: gcc-4.8.5-36.el7.x86_64
Jan 29 19:38:25 Installed: m4-1.4.16-10.el7.x86_64
Jan 29 19:38:25 Installed: bison-3.0.4-2.el7.x86_64
Jan 29 19:38:59 Installed: flex-2.5.37-6.el7.x86_64
Jan 29 20:11:20 Installed: zlib-devel-1.2.7-18.el7.x86_64
Jan 29 20:11:20 Installed: elfutils-libelf-devel-0.172-2.el7.x86_64
Jan 29 20:13:01 Installed: keyutils-libs-devel-1.5.8-3.el7.x86_64
Jan 29 20:13:01 Installed: libcom_err-devel-1.42.9-13.el7.x86_64
Jan 29 20:13:01 Installed: libsepol-devel-2.5-10.el7.x86_64
Jan 29 20:13:01 Installed: pcre-devel-8.32-17.el7.x86_64
Jan 29 20:13:01 Installed: libselinux-devel-2.5-14.1.el7.x86_64
Jan 29 20:13:01 Installed: libverto-devel-0.2.5-4.el7.x86_64
Jan 29 20:13:01 Installed: libkadm5-1.15.1-34.el7.x86_64
Jan 29 20:13:01 Installed: krb5-devel-1.15.1-34.el7.x86_64
Jan 29 20:13:03 Installed: 1:openssl-devel-1.0.2k-16.el7.x86_64
Jan 29 20:13:22 Installed: bc-1.06.95-13.el7.x86_64
Jan 30 06:25:52 Installed: 1:perl-parent-0.225-244.el7.noarch
Jan 30 06:25:52 Installed: perl-HTTP-Tiny-0.033-3.el7.noarch
Jan 30 06:25:52 Installed: perl-podlators-2.5.1-3.el7.noarch
Jan 30 06:25:52 Installed: perl-Pod-Perldoc-3.20-4.el7.noarch
Jan 30 06:25:52 Installed: 1:perl-Pod-Escapes-1.04-294.el7_6.noarch
Jan 30 06:25:52 Installed: perl-Text-ParseWords-3.29-4.el7.noarch
Jan 30 06:25:53 Installed: perl-Encode-2.51-7.el7.x86_64
Jan 30 06:25:53 Installed: perl-Pod-Usage-1.63-3.el7.noarch
Jan 30 06:25:53 Installed: 4:perl-libs-5.16.3-294.el7_6.x86_64
Jan 30 06:25:53 Installed: 4:perl-macros-5.16.3-294.el7_6.x86_64
Jan 30 06:25:53 Installed: perl-Storable-2.45-3.el7.x86_64
Jan 30 06:25:53 Installed: perl-Exporter-5.68-3.el7.noarch
Jan 30 06:25:53 Installed: perl-constant-1.27-2.el7.noarch
Jan 30 06:25:53 Installed: perl-Time-Local-1.2300-2.el7.noarch
Jan 30 06:25:53 Installed: perl-Carp-1.26-244.el7.noarch
Jan 30 06:25:53 Installed: 4:perl-Time-HiRes-1.9725-3.el7.x86_64
Jan 30 06:25:53 Installed: perl-PathTools-3.40-5.el7.x86_64
Jan 30 06:25:53 Installed: perl-Scalar-List-Utils-1.27-248.el7.x86_64
Jan 30 06:25:53 Installed: perl-File-Temp-0.23.01-3.el7.noarch
Jan 30 06:25:53 Installed: perl-File-Path-2.09-2.el7.noarch
Jan 30 06:25:53 Installed: perl-threads-shared-1.43-6.el7.x86_64
Jan 30 06:25:53 Installed: perl-threads-1.87-4.el7.x86_64
Jan 30 06:25:53 Installed: perl-Filter-1.49-3.el7.x86_64
Jan 30 06:25:53 Installed: perl-Socket-2.010-4.el7.x86_64
Jan 30 06:25:54 Installed: 1:perl-Pod-Simple-3.28-4.el7.noarch
Jan 30 06:25:54 Installed: perl-Getopt-Long-2.40-3.el7.noarch
Jan 30 06:25:57 Installed: 4:perl-5.16.3-294.el7_6.x86_64
